TN:
SF:/Users/jeffblan/GitHub/AchievementUnlocked/lambda/custom/index.js
FN:18,(anonymous_0)
FN:21,(anonymous_1)
FN:31,(anonymous_2)
FN:35,(anonymous_3)
FN:45,(anonymous_4)
FN:46,(anonymous_5)
FN:56,(anonymous_6)
FN:57,(anonymous_7)
FN:67,(anonymous_8)
FN:68,(anonymous_9)
FN:78,(anonymous_10)
FN:83,(anonymous_11)
FN:93,(anonymous_12)
FN:96,(anonymous_13)
FN:103,(anonymous_14)
FN:104,(anonymous_15)
FN:120,(anonymous_16)
FN:135,(anonymous_17)
FN:162,(anonymous_18)
FN:172,(anonymous_19)
FN:175,(anonymous_20)
FN:187,setVoice
FN:194,CheckForAchievements
FN:205,IncrementSessionCount
FN:213,(anonymous_24)
FN:219,IncrementInteractionCount
FN:226,(anonymous_26)
FN:231,CheckSessionAchievements
FN:275,CheckRequestAchievements
FN:349,CheckDeviceAchievements
FN:382,UpdateDeviceIdList
FN:388,(anonymous_31)
FN:393,CheckIntentAchievements
FN:443,createAchievement
FN:458,(anonymous_34)
FN:465,getFieldName
FN:472,IsAchievementIncomplete
FN:477,RemoveSounds
FN:484,GetUserRecord
FN:493,(anonymous_39)
FN:495,(anonymous_40)
FN:507,httpGet
FN:519,(anonymous_42)
FN:520,(anonymous_43)
FN:530,(anonymous_44)
FN:534,(anonymous_45)
FN:538,(anonymous_46)
FN:547,(anonymous_47)
FN:562,(anonymous_48)
FNF:49
FNH:8
FNDA:0,(anonymous_0)
FNDA:0,(anonymous_1)
FNDA:0,(anonymous_2)
FNDA:0,(anonymous_3)
FNDA:0,(anonymous_4)
FNDA:0,(anonymous_5)
FNDA:0,(anonymous_6)
FNDA:0,(anonymous_7)
FNDA:0,(anonymous_8)
FNDA:0,(anonymous_9)
FNDA:0,(anonymous_10)
FNDA:0,(anonymous_11)
FNDA:0,(anonymous_12)
FNDA:0,(anonymous_13)
FNDA:0,(anonymous_14)
FNDA:0,(anonymous_15)
FNDA:0,(anonymous_16)
FNDA:0,(anonymous_17)
FNDA:0,(anonymous_18)
FNDA:3,(anonymous_19)
FNDA:3,(anonymous_20)
FNDA:6,setVoice
FNDA:0,CheckForAchievements
FNDA:0,IncrementSessionCount
FNDA:0,(anonymous_24)
FNDA:0,IncrementInteractionCount
FNDA:0,(anonymous_26)
FNDA:0,CheckSessionAchievements
FNDA:0,CheckRequestAchievements
FNDA:0,CheckDeviceAchievements
FNDA:0,UpdateDeviceIdList
FNDA:0,(anonymous_31)
FNDA:0,CheckIntentAchievements
FNDA:0,createAchievement
FNDA:0,(anonymous_34)
FNDA:0,getFieldName
FNDA:0,IsAchievementIncomplete
FNDA:0,RemoveSounds
FNDA:3,GetUserRecord
FNDA:0,(anonymous_39)
FNDA:0,(anonymous_40)
FNDA:3,httpGet
FNDA:3,(anonymous_42)
FNDA:3,(anonymous_43)
FNDA:0,(anonymous_44)
FNDA:0,(anonymous_45)
FNDA:0,(anonymous_46)
FNDA:3,(anonymous_47)
FNDA:0,(anonymous_48)
DA:4,1
DA:5,1
DA:6,1
DA:8,1
DA:11,1
DA:12,1
DA:13,1
DA:14,1
DA:15,1
DA:17,1
DA:19,0
DA:22,0
DA:24,0
DA:25,0
DA:26,0
DA:30,1
DA:32,0
DA:36,0
DA:38,0
DA:39,0
DA:40,0
DA:44,1
DA:45,0
DA:47,0
DA:49,0
DA:50,0
DA:51,0
DA:55,1
DA:56,0
DA:58,0
DA:60,0
DA:61,0
DA:62,0
DA:66,1
DA:67,0
DA:69,0
DA:71,0
DA:72,0
DA:73,0
DA:77,1
DA:79,0
DA:84,0
DA:86,0
DA:87,0
DA:88,0
DA:92,1
DA:94,0
DA:97,0
DA:98,0
DA:102,1
DA:103,0
DA:105,0
DA:106,0
DA:108,0
DA:109,0
DA:110,0
DA:113,0
DA:114,0
DA:116,0
DA:117,0
DA:121,0
DA:124,0
DA:126,0
DA:128,0
DA:129,0
DA:130,0
DA:134,1
DA:136,0
DA:163,0
DA:165,0
DA:166,0
DA:167,0
DA:171,1
DA:173,3
DA:176,3
DA:177,3
DA:179,3
DA:181,3
DA:182,3
DA:183,3
DA:188,6
DA:189,0
DA:191,6
DA:195,0
DA:196,0
DA:197,0
DA:198,0
DA:199,0
DA:200,0
DA:201,0
DA:202,0
DA:206,0
DA:207,0
DA:208,0
DA:210,0
DA:211,0
DA:214,0
DA:220,0
DA:221,0
DA:223,0
DA:224,0
DA:227,0
DA:233,0
DA:234,0
DA:236,0
DA:237,0
DA:240,0
DA:243,0
DA:246,0
DA:249,0
DA:252,0
DA:255,0
DA:258,0
DA:261,0
DA:264,0
DA:267,0
DA:270,0
DA:277,0
DA:280,0
DA:283,0
DA:286,0
DA:289,0
DA:292,0
DA:295,0
DA:298,0
DA:301,0
DA:310,0
DA:312,0
DA:314,0
DA:316,0
DA:318,0
DA:320,0
DA:322,0
DA:324,0
DA:326,0
DA:328,0
DA:330,0
DA:332,0
DA:334,0
DA:336,0
DA:338,0
DA:340,0
DA:342,0
DA:344,0
DA:346,0
DA:350,0
DA:352,0
DA:353,0
DA:354,0
DA:356,0
DA:359,0
DA:362,0
DA:365,0
DA:368,0
DA:371,0
DA:374,0
DA:377,0
DA:383,0
DA:385,0
DA:386,0
DA:389,0
DA:395,0
DA:396,0
DA:397,0
DA:398,0
DA:399,0
DA:400,0
DA:401,0
DA:402,0
DA:403,0
DA:404,0
DA:405,0
DA:406,0
DA:407,0
DA:408,0
DA:409,0
DA:410,0
DA:411,0
DA:412,0
DA:413,0
DA:414,0
DA:415,0
DA:416,0
DA:417,0
DA:418,0
DA:419,0
DA:420,0
DA:421,0
DA:422,0
DA:424,0
DA:427,0
DA:445,0
DA:446,0
DA:447,0
DA:448,0
DA:449,0
DA:451,0
DA:452,0
DA:453,0
DA:454,0
DA:455,0
DA:459,0
DA:462,0
DA:466,0
DA:467,0
DA:468,0
DA:469,0
DA:473,0
DA:474,0
DA:479,0
DA:480,0
DA:481,0
DA:486,3
DA:487,3
DA:488,3
DA:490,0
DA:491,0
DA:492,0
DA:493,0
DA:494,0
DA:496,0
DA:497,0
DA:502,0
DA:503,0
DA:512,3
DA:519,3
DA:520,3
DA:521,3
DA:522,3
DA:524,3
DA:525,3
DA:527,0
DA:530,0
DA:531,0
DA:534,0
DA:535,0
DA:538,0
DA:539,0
DA:542,3
DA:546,1
DA:548,3
DA:549,3
DA:550,0
DA:551,0
DA:552,0
DA:553,0
DA:554,0
DA:555,0
DA:557,0
DA:561,1
DA:563,0
DA:567,1
DA:569,1
LF:253
LH:45
BRDA:25,0,0,0
BRDA:25,0,1,0
BRDA:32,1,0,0
BRDA:32,1,1,0
BRDA:39,2,0,0
BRDA:39,2,1,0
BRDA:45,3,0,0
BRDA:45,3,1,0
BRDA:50,4,0,0
BRDA:50,4,1,0
BRDA:56,5,0,0
BRDA:56,5,1,0
BRDA:61,6,0,0
BRDA:61,6,1,0
BRDA:67,7,0,0
BRDA:67,7,1,0
BRDA:72,8,0,0
BRDA:72,8,1,0
BRDA:79,9,0,0
BRDA:79,9,1,0
BRDA:79,9,2,0
BRDA:87,10,0,0
BRDA:87,10,1,0
BRDA:103,11,0,0
BRDA:103,11,1,0
BRDA:108,12,0,0
BRDA:108,12,1,0
BRDA:121,13,0,0
BRDA:121,13,1,0
BRDA:124,14,0,0
BRDA:124,14,1,0
BRDA:124,15,0,0
BRDA:124,15,1,0
BRDA:129,16,0,0
BRDA:129,16,1,0
BRDA:136,17,0,0
BRDA:136,17,1,0
BRDA:136,17,2,0
BRDA:136,17,3,0
BRDA:136,17,4,0
BRDA:136,17,5,0
BRDA:136,17,6,0
BRDA:136,17,7,0
BRDA:136,17,8,0
BRDA:136,17,9,0
BRDA:136,17,10,0
BRDA:136,17,11,0
BRDA:136,17,12,0
BRDA:136,17,13,0
BRDA:136,17,14,0
BRDA:136,17,15,0
BRDA:136,17,16,0
BRDA:136,17,17,0
BRDA:136,17,18,0
BRDA:136,17,19,0
BRDA:136,17,20,0
BRDA:136,17,21,0
BRDA:136,17,22,0
BRDA:136,17,23,0
BRDA:136,17,24,0
BRDA:166,18,0,0
BRDA:166,18,1,0
BRDA:182,19,0,0
BRDA:182,19,1,3
BRDA:188,20,0,0
BRDA:188,20,1,6
BRDA:188,21,0,6
BRDA:188,21,1,0
BRDA:202,22,0,0
BRDA:202,22,1,0
BRDA:206,23,0,0
BRDA:206,23,1,0
BRDA:214,24,0,0
BRDA:214,24,1,0
BRDA:227,25,0,0
BRDA:227,25,1,0
BRDA:236,26,0,0
BRDA:236,26,1,0
BRDA:240,27,0,0
BRDA:240,27,1,0
BRDA:243,28,0,0
BRDA:243,28,1,0
BRDA:246,29,0,0
BRDA:246,29,1,0
BRDA:249,30,0,0
BRDA:249,30,1,0
BRDA:252,31,0,0
BRDA:252,31,1,0
BRDA:255,32,0,0
BRDA:255,32,1,0
BRDA:258,33,0,0
BRDA:258,33,1,0
BRDA:261,34,0,0
BRDA:261,34,1,0
BRDA:264,35,0,0
BRDA:264,35,1,0
BRDA:267,36,0,0
BRDA:267,36,1,0
BRDA:270,37,0,0
BRDA:270,37,1,0
BRDA:280,38,0,0
BRDA:280,38,1,0
BRDA:283,39,0,0
BRDA:283,39,1,0
BRDA:286,40,0,0
BRDA:286,40,1,0
BRDA:289,41,0,0
BRDA:289,41,1,0
BRDA:292,42,0,0
BRDA:292,42,1,0
BRDA:295,43,0,0
BRDA:295,43,1,0
BRDA:298,44,0,0
BRDA:298,44,1,0
BRDA:301,45,0,0
BRDA:301,45,1,0
BRDA:301,46,0,0
BRDA:301,46,1,0
BRDA:310,47,0,0
BRDA:310,47,1,0
BRDA:312,48,0,0
BRDA:312,48,1,0
BRDA:314,49,0,0
BRDA:314,49,1,0
BRDA:316,50,0,0
BRDA:316,50,1,0
BRDA:318,51,0,0
BRDA:318,51,1,0
BRDA:320,52,0,0
BRDA:320,52,1,0
BRDA:322,53,0,0
BRDA:322,53,1,0
BRDA:324,54,0,0
BRDA:324,54,1,0
BRDA:326,55,0,0
BRDA:326,55,1,0
BRDA:328,56,0,0
BRDA:328,56,1,0
BRDA:330,57,0,0
BRDA:330,57,1,0
BRDA:332,58,0,0
BRDA:332,58,1,0
BRDA:334,59,0,0
BRDA:334,59,1,0
BRDA:336,60,0,0
BRDA:336,60,1,0
BRDA:338,61,0,0
BRDA:338,61,1,0
BRDA:340,62,0,0
BRDA:340,62,1,0
BRDA:342,63,0,0
BRDA:342,63,1,0
BRDA:344,64,0,0
BRDA:344,64,1,0
BRDA:346,65,0,0
BRDA:346,65,1,0
BRDA:352,66,0,0
BRDA:352,66,1,0
BRDA:353,67,0,0
BRDA:353,67,1,0
BRDA:359,68,0,0
BRDA:359,68,1,0
BRDA:359,69,0,0
BRDA:359,69,1,0
BRDA:362,70,0,0
BRDA:362,70,1,0
BRDA:362,71,0,0
BRDA:362,71,1,0
BRDA:365,72,0,0
BRDA:365,72,1,0
BRDA:365,73,0,0
BRDA:365,73,1,0
BRDA:368,74,0,0
BRDA:368,74,1,0
BRDA:368,75,0,0
BRDA:368,75,1,0
BRDA:371,76,0,0
BRDA:371,76,1,0
BRDA:371,77,0,0
BRDA:371,77,1,0
BRDA:374,78,0,0
BRDA:374,78,1,0
BRDA:377,79,0,0
BRDA:377,79,1,0
BRDA:389,80,0,0
BRDA:389,80,1,0
BRDA:395,81,0,0
BRDA:395,81,1,0
BRDA:396,82,0,0
BRDA:396,82,1,0
BRDA:397,83,0,0
BRDA:397,83,1,0
BRDA:398,84,0,0
BRDA:398,84,1,0
BRDA:399,85,0,0
BRDA:399,85,1,0
BRDA:400,86,0,0
BRDA:400,86,1,0
BRDA:401,87,0,0
BRDA:401,87,1,0
BRDA:402,88,0,0
BRDA:402,88,1,0
BRDA:403,89,0,0
BRDA:403,89,1,0
BRDA:404,90,0,0
BRDA:404,90,1,0
BRDA:405,91,0,0
BRDA:405,91,1,0
BRDA:406,92,0,0
BRDA:406,92,1,0
BRDA:407,93,0,0
BRDA:407,93,1,0
BRDA:408,94,0,0
BRDA:408,94,1,0
BRDA:409,95,0,0
BRDA:409,95,1,0
BRDA:410,96,0,0
BRDA:410,96,1,0
BRDA:411,97,0,0
BRDA:411,97,1,0
BRDA:412,98,0,0
BRDA:412,98,1,0
BRDA:413,99,0,0
BRDA:413,99,1,0
BRDA:414,100,0,0
BRDA:414,100,1,0
BRDA:415,101,0,0
BRDA:415,101,1,0
BRDA:416,102,0,0
BRDA:416,102,1,0
BRDA:417,103,0,0
BRDA:417,103,1,0
BRDA:418,104,0,0
BRDA:418,104,1,0
BRDA:419,105,0,0
BRDA:419,105,1,0
BRDA:420,106,0,0
BRDA:420,106,1,0
BRDA:421,107,0,0
BRDA:421,107,1,0
BRDA:422,108,0,0
BRDA:422,108,1,0
BRDA:424,109,0,0
BRDA:424,109,1,0
BRDA:427,110,0,0
BRDA:427,110,1,0
BRDA:445,111,0,0
BRDA:445,111,1,0
BRDA:459,112,0,0
BRDA:459,112,1,0
BRDA:467,113,0,0
BRDA:467,113,1,0
BRDA:468,114,0,0
BRDA:468,114,1,0
BRDA:473,115,0,0
BRDA:473,115,1,0
BRDA:490,116,0,0
BRDA:490,116,1,0
BRDA:496,117,0,0
BRDA:496,117,1,0
BRDA:507,118,0,0
BRDA:524,119,0,3
BRDA:524,119,1,0
BRDA:524,120,0,3
BRDA:524,120,1,3
BRDA:552,121,0,0
BRDA:552,121,1,0
BRF:267
BRH:6
end_of_record
