{
  "numFailedTestSuites": 1,
  "numFailedTests": 2,
  "numPassedTestSuites": 0,
  "numPassedTests": 0,
  "numPendingTestSuites": 0,
  "numPendingTests": 0,
  "numRuntimeErrorTestSuites": 0,
  "numTodoTests": 0,
  "numTotalTestSuites": 1,
  "numTotalTests": 2,
  "openHandles": [],
  "snapshot": {
    "added": 0,
    "didUpdate": false,
    "failure": false,
    "filesAdded": 0,
    "filesRemoved": 0,
    "filesUnmatched": 0,
    "filesUpdated": 0,
    "matched": 0,
    "total": 0,
    "unchecked": 0,
    "uncheckedKeysByFile": [],
    "unmatched": 0,
    "updated": 0
  },
  "startTime": 1563288056566,
  "success": false,
  "testResults": [
    {
      "failureMessage": "\u001b[1m\u001b[31m  \u001b[1m● \u001b[1men-US › Launch and get a fact › LaunchRequest\u001b[39m\u001b[22m\n\n    Expected value at [response.outputSpeech.ssml] to ==\n    \tHere's your fact\n    Received:\n    \t<speak>Sorry.  Something went wrong.  Try something else.</speak>\n\u001b[2m\u001b[22m\n\u001b[2m    \u001b[0m \u001b[90m  6 | \u001b[39m\u001b[33m-\u001b[39m test\u001b[33m:\u001b[39m \u001b[33mLaunch\u001b[39m and get a fact\u001b[0m\u001b[22m\n\u001b[2m    \u001b[0m \u001b[90m  7 | \u001b[39m\u001b[33m-\u001b[39m \u001b[33mLaunchRequest\u001b[39m\u001b[33m:\u001b[39m \u001b[33m#\u001b[39m \u001b[33mLaunchRequest\u001b[39m sends a \u001b[33mLaunchRequest\u001b[39m\u001b[0m\u001b[22m\n\u001b[2m    \u001b[0m\u001b[31m\u001b[1m>\u001b[2m\u001b[39m\u001b[90m  8 | \u001b[39m  \u001b[33m-\u001b[39m response\u001b[33m.\u001b[39moutputSpeech\u001b[33m.\u001b[39mssml\u001b[33m:\u001b[39m \u001b[33mHere\u001b[39m\u001b[32m's your fact\u001b[39m\u001b[0m\u001b[22m\n\u001b[2m    \u001b[0m \u001b[90m  9 | \u001b[39m  \u001b[33m-\u001b[39m response\u001b[33m.\u001b[39mcard\u001b[33m.\u001b[39mtype\u001b[33m:\u001b[39m \u001b[33mSimple\u001b[39m\u001b[0m\u001b[22m\n\u001b[2m    \u001b[0m \u001b[90m 10 | \u001b[39m  \u001b[33m-\u001b[39m response\u001b[33m.\u001b[39mcard\u001b[33m.\u001b[39mtitle\u001b[33m:\u001b[39m \u001b[33mSpace\u001b[39m \u001b[33mFacts\u001b[39m\u001b[0m\u001b[22m\n\u001b[2m    \u001b[0m \u001b[90m 11 | \u001b[39m  \u001b[33m-\u001b[39m response\u001b[33m.\u001b[39mcard\u001b[33m.\u001b[39mcontent\u001b[33m:\u001b[39m \u001b[35m/.*/\u001b[39m \u001b[33m#\u001b[39m \u001b[33mRegular\u001b[39m expression indicating any text will match \u001b[36mfor\u001b[39m card content\u001b[0m\u001b[22m\n\u001b[2m\u001b[22m\n\u001b[2m      \u001b[2mat \u001b[2m\u001b[0m\u001b[36mtest/LaunchRequest.yml\u001b[39m\u001b[0m\u001b[2m:8:0\u001b[2m\u001b[22m\n\u001b[2m      Timestamp:\u001b[22m\n\u001b[2m      \t2019-07-16T10:41:00.514\u001b[22m\n\n\u001b[1m\u001b[31m  \u001b[1m● \u001b[1men-US › Get help then get a fact › HelpIntent\u001b[39m\u001b[22m\n\n    Expected value at [prompt] to ==\n\u001b[2m\u001b[22m\n\u001b[2m      \tsay get fact to get a fact\u001b[22m\n\u001b[2m      Received:\u001b[22m\n\u001b[2m      \t<speak>Sorry.  Something went wrong.  Try something else.</speak>\u001b[22m\n\u001b[2m      Timestamp:\u001b[22m\n\u001b[2m      \t2019-07-16T10:41:00.677\u001b[22m\n\n\u001b[1m\u001b[31m  \u001b[1m● \u001b[1men-US › Get help then get a fact › GetFactIntent\u001b[39m\u001b[22m\n\n    Expected value at [response.outputSpeech.ssml] to ==\n    \there's your fact\n    Received:\n    \t<speak>Sorry.  Something went wrong.  Try something else.</speak>\n\u001b[2m\u001b[22m\n\u001b[2m    \u001b[0m \u001b[90m 15 | \u001b[39m\u001b[33m-\u001b[39m \u001b[33mHelpIntent\u001b[39m\u001b[33m:\u001b[39m say get fact to get a fact\u001b[0m\u001b[22m\n\u001b[2m    \u001b[0m \u001b[90m 16 | \u001b[39m\u001b[33m-\u001b[39m \u001b[33mGetFactIntent\u001b[39m\u001b[33m:\u001b[39m\u001b[0m\u001b[22m\n\u001b[2m    \u001b[0m\u001b[31m\u001b[1m>\u001b[2m\u001b[39m\u001b[90m 17 | \u001b[39m  \u001b[33m-\u001b[39m response\u001b[33m.\u001b[39moutputSpeech\u001b[33m.\u001b[39mssml\u001b[33m:\u001b[39m here\u001b[32m's your fact\u001b[39m\u001b[0m\u001b[22m\n\u001b[2m    \u001b[0m \u001b[90m 18 | \u001b[39m  \u001b[33m-\u001b[39m response\u001b[33m.\u001b[39mcard\u001b[33m.\u001b[39mtype\u001b[33m:\u001b[39m \u001b[33mSimple\u001b[39m\u001b[0m\u001b[22m\n\u001b[2m    \u001b[0m \u001b[90m 19 | \u001b[39m  \u001b[33m-\u001b[39m response\u001b[33m.\u001b[39mcard\u001b[33m.\u001b[39mtitle\u001b[33m:\u001b[39m \u001b[33mSpace\u001b[39m \u001b[33mFacts\u001b[39m\u001b[0m\u001b[22m\n\u001b[2m    \u001b[0m \u001b[90m 20 | \u001b[39m  \u001b[33m-\u001b[39m response\u001b[33m.\u001b[39mcard\u001b[33m.\u001b[39mcontent\u001b[33m:\u001b[39m \u001b[32m\"*\"\u001b[39m \u001b[33m#\u001b[39m \u001b[33mPlain\u001b[39m asterisk can also be used to match any text\u001b[0m\u001b[22m\n\u001b[2m\u001b[22m\n\u001b[2m      \u001b[2mat \u001b[2m\u001b[0m\u001b[36mtest/LaunchRequest.yml\u001b[39m\u001b[0m\u001b[2m:17:0\u001b[2m\u001b[22m\n\u001b[2m      Timestamp:\u001b[22m\n\u001b[2m      \t2019-07-16T10:41:00.842\u001b[22m\n",
      "leaks": false,
      "memoryUsage": 0,
      "numFailingTests": 2,
      "numPassingTests": 0,
      "numPendingTests": 0,
      "skipped": false,
      "snapshot": {
        "added": 0,
        "fileDeleted": false,
        "matched": 0,
        "unchecked": 0,
        "uncheckedKeys": [],
        "unmatched": 0,
        "updated": 0
      },
      "testFilePath": "/Users/jeffblan/GitHub/AchievementUnlocked/test/LaunchRequest.yml",
      "testResults": [
        {
          "ancestorTitles": [
            "en-US",
            "Launch and get a fact"
          ],
          "duration": 2742,
          "failureMessages": [
            "Expected value at [response.outputSpeech.ssml] to ==\n\tHere's your fact\nReceived:\n\t<speak>Sorry.  Something went wrong.  Try something else.</speak>\nat /Users/jeffblan/GitHub/AchievementUnlocked/test/LaunchRequest.yml:8:0\nTimestamp:\n\t2019-07-16T10:41:00.514"
          ],
          "location": {
            "column": 0,
            "line": 0
          },
          "numPassingAsserts": 0,
          "status": "failed",
          "title": "LaunchRequest"
        },
        {
          "ancestorTitles": [
            "en-US",
            "Get help then get a fact"
          ],
          "duration": 159,
          "failureMessages": [
            "Expected value at [prompt] to ==\n\tsay get fact to get a fact\nReceived:\n\t<speak>Sorry.  Something went wrong.  Try something else.</speak>\n\nTimestamp:\n\t2019-07-16T10:41:00.677"
          ],
          "location": {
            "column": 0,
            "line": 0
          },
          "numPassingAsserts": 0,
          "status": "failed",
          "title": "HelpIntent"
        },
        {
          "ancestorTitles": [
            "en-US",
            "Get help then get a fact"
          ],
          "duration": 161,
          "failureMessages": [
            "Expected value at [response.outputSpeech.ssml] to ==\n\there's your fact\nReceived:\n\t<speak>Sorry.  Something went wrong.  Try something else.</speak>\nat /Users/jeffblan/GitHub/AchievementUnlocked/test/LaunchRequest.yml:17:0\nTimestamp:\n\t2019-07-16T10:41:00.842"
          ],
          "location": {
            "column": 0,
            "line": 0
          },
          "numPassingAsserts": 0,
          "status": "failed",
          "title": "GetFactIntent"
        }
      ],
      "perfStats": {
        "end": 1563288060870,
        "start": 1563288056660
      },
      "numTodoTests": 0
    }
  ],
  "wasInterrupted": false,
  "coverageMap": {
    "/Users/jeffblan/GitHub/AchievementUnlocked/lambda/custom/index.js": {
      "path": "/Users/jeffblan/GitHub/AchievementUnlocked/lambda/custom/index.js",
      "statementMap": {
        "0": {
          "start": {
            "line": 4,
            "column": 14
          },
          "end": {
            "line": 4,
            "column": 37
          }
        },
        "1": {
          "start": {
            "line": 5,
            "column": 14
          },
          "end": {
            "line": 5,
            "column": 30
          }
        },
        "2": {
          "start": {
            "line": 6,
            "column": 17
          },
          "end": {
            "line": 6,
            "column": 36
          }
        },
        "3": {
          "start": {
            "line": 8,
            "column": 16
          },
          "end": {
            "line": 8,
            "column": 84
          }
        },
        "4": {
          "start": {
            "line": 11,
            "column": 25
          },
          "end": {
            "line": 11,
            "column": 120
          }
        },
        "5": {
          "start": {
            "line": 12,
            "column": 24
          },
          "end": {
            "line": 12,
            "column": 26
          }
        },
        "6": {
          "start": {
            "line": 13,
            "column": 26
          },
          "end": {
            "line": 13,
            "column": 28
          }
        },
        "7": {
          "start": {
            "line": 14,
            "column": 23
          },
          "end": {
            "line": 14,
            "column": 24
          }
        },
        "8": {
          "start": {
            "line": 15,
            "column": 17
          },
          "end": {
            "line": 15,
            "column": 19
          }
        },
        "9": {
          "start": {
            "line": 17,
            "column": 29
          },
          "end": {
            "line": 28,
            "column": 1
          }
        },
        "10": {
          "start": {
            "line": 19,
            "column": 4
          },
          "end": {
            "line": 19,
            "column": 73
          }
        },
        "11": {
          "start": {
            "line": 22,
            "column": 23
          },
          "end": {
            "line": 22,
            "column": 238
          }
        },
        "12": {
          "start": {
            "line": 24,
            "column": 4
          },
          "end": {
            "line": 24,
            "column": 92
          }
        },
        "13": {
          "start": {
            "line": 25,
            "column": 4
          },
          "end": {
            "line": 25,
            "column": 278
          }
        },
        "14": {
          "start": {
            "line": 25,
            "column": 35
          },
          "end": {
            "line": 25,
            "column": 278
          }
        },
        "15": {
          "start": {
            "line": 26,
            "column": 4
          },
          "end": {
            "line": 26,
            "column": 54
          }
        },
        "16": {
          "start": {
            "line": 30,
            "column": 32
          },
          "end": {
            "line": 42,
            "column": 1
          }
        },
        "17": {
          "start": {
            "line": 32,
            "column": 4
          },
          "end": {
            "line": 33,
            "column": 81
          }
        },
        "18": {
          "start": {
            "line": 36,
            "column": 23
          },
          "end": {
            "line": 36,
            "column": 58
          }
        },
        "19": {
          "start": {
            "line": 38,
            "column": 4
          },
          "end": {
            "line": 38,
            "column": 92
          }
        },
        "20": {
          "start": {
            "line": 39,
            "column": 4
          },
          "end": {
            "line": 39,
            "column": 278
          }
        },
        "21": {
          "start": {
            "line": 39,
            "column": 35
          },
          "end": {
            "line": 39,
            "column": 278
          }
        },
        "22": {
          "start": {
            "line": 40,
            "column": 4
          },
          "end": {
            "line": 40,
            "column": 54
          }
        },
        "23": {
          "start": {
            "line": 44,
            "column": 26
          },
          "end": {
            "line": 53,
            "column": 1
          }
        },
        "24": {
          "start": {
            "line": 45,
            "column": 28
          },
          "end": {
            "line": 45,
            "column": 173
          }
        },
        "25": {
          "start": {
            "line": 47,
            "column": 23
          },
          "end": {
            "line": 47,
            "column": 129
          }
        },
        "26": {
          "start": {
            "line": 49,
            "column": 4
          },
          "end": {
            "line": 49,
            "column": 92
          }
        },
        "27": {
          "start": {
            "line": 50,
            "column": 4
          },
          "end": {
            "line": 50,
            "column": 278
          }
        },
        "28": {
          "start": {
            "line": 50,
            "column": 35
          },
          "end": {
            "line": 50,
            "column": 278
          }
        },
        "29": {
          "start": {
            "line": 51,
            "column": 4
          },
          "end": {
            "line": 51,
            "column": 54
          }
        },
        "30": {
          "start": {
            "line": 55,
            "column": 26
          },
          "end": {
            "line": 64,
            "column": 1
          }
        },
        "31": {
          "start": {
            "line": 56,
            "column": 28
          },
          "end": {
            "line": 56,
            "column": 166
          }
        },
        "32": {
          "start": {
            "line": 58,
            "column": 23
          },
          "end": {
            "line": 58,
            "column": 72
          }
        },
        "33": {
          "start": {
            "line": 60,
            "column": 4
          },
          "end": {
            "line": 60,
            "column": 92
          }
        },
        "34": {
          "start": {
            "line": 61,
            "column": 4
          },
          "end": {
            "line": 61,
            "column": 278
          }
        },
        "35": {
          "start": {
            "line": 61,
            "column": 35
          },
          "end": {
            "line": 61,
            "column": 278
          }
        },
        "36": {
          "start": {
            "line": 62,
            "column": 4
          },
          "end": {
            "line": 62,
            "column": 54
          }
        },
        "37": {
          "start": {
            "line": 66,
            "column": 26
          },
          "end": {
            "line": 75,
            "column": 1
          }
        },
        "38": {
          "start": {
            "line": 67,
            "column": 28
          },
          "end": {
            "line": 67,
            "column": 166
          }
        },
        "39": {
          "start": {
            "line": 69,
            "column": 23
          },
          "end": {
            "line": 69,
            "column": 65
          }
        },
        "40": {
          "start": {
            "line": 71,
            "column": 4
          },
          "end": {
            "line": 71,
            "column": 92
          }
        },
        "41": {
          "start": {
            "line": 72,
            "column": 4
          },
          "end": {
            "line": 72,
            "column": 278
          }
        },
        "42": {
          "start": {
            "line": 72,
            "column": 35
          },
          "end": {
            "line": 72,
            "column": 278
          }
        },
        "43": {
          "start": {
            "line": 73,
            "column": 4
          },
          "end": {
            "line": 73,
            "column": 54
          }
        },
        "44": {
          "start": {
            "line": 77,
            "column": 35
          },
          "end": {
            "line": 90,
            "column": 1
          }
        },
        "45": {
          "start": {
            "line": 79,
            "column": 4
          },
          "end": {
            "line": 81,
            "column": 85
          }
        },
        "46": {
          "start": {
            "line": 84,
            "column": 23
          },
          "end": {
            "line": 84,
            "column": 103
          }
        },
        "47": {
          "start": {
            "line": 86,
            "column": 4
          },
          "end": {
            "line": 86,
            "column": 92
          }
        },
        "48": {
          "start": {
            "line": 87,
            "column": 4
          },
          "end": {
            "line": 87,
            "column": 278
          }
        },
        "49": {
          "start": {
            "line": 87,
            "column": 35
          },
          "end": {
            "line": 87,
            "column": 278
          }
        },
        "50": {
          "start": {
            "line": 88,
            "column": 4
          },
          "end": {
            "line": 88,
            "column": 54
          }
        },
        "51": {
          "start": {
            "line": 92,
            "column": 35
          },
          "end": {
            "line": 100,
            "column": 1
          }
        },
        "52": {
          "start": {
            "line": 94,
            "column": 4
          },
          "end": {
            "line": 94,
            "column": 79
          }
        },
        "53": {
          "start": {
            "line": 97,
            "column": 4
          },
          "end": {
            "line": 97,
            "column": 96
          }
        },
        "54": {
          "start": {
            "line": 98,
            "column": 4
          },
          "end": {
            "line": 98,
            "column": 54
          }
        },
        "55": {
          "start": {
            "line": 102,
            "column": 33
          },
          "end": {
            "line": 132,
            "column": 1
          }
        },
        "56": {
          "start": {
            "line": 103,
            "column": 28
          },
          "end": {
            "line": 103,
            "column": 173
          }
        },
        "57": {
          "start": {
            "line": 105,
            "column": 15
          },
          "end": {
            "line": 105,
            "column": 130
          }
        },
        "58": {
          "start": {
            "line": 106,
            "column": 19
          },
          "end": {
            "line": 106,
            "column": 143
          }
        },
        "59": {
          "start": {
            "line": 108,
            "column": 4
          },
          "end": {
            "line": 111,
            "column": 5
          }
        },
        "60": {
          "start": {
            "line": 109,
            "column": 6
          },
          "end": {
            "line": 109,
            "column": 16
          }
        },
        "61": {
          "start": {
            "line": 110,
            "column": 6
          },
          "end": {
            "line": 110,
            "column": 20
          }
        },
        "62": {
          "start": {
            "line": 113,
            "column": 4
          },
          "end": {
            "line": 113,
            "column": 28
          }
        },
        "63": {
          "start": {
            "line": 114,
            "column": 4
          },
          "end": {
            "line": 114,
            "column": 35
          }
        },
        "64": {
          "start": {
            "line": 116,
            "column": 19
          },
          "end": {
            "line": 116,
            "column": 99
          }
        },
        "65": {
          "start": {
            "line": 117,
            "column": 4
          },
          "end": {
            "line": 122,
            "column": 9
          }
        },
        "66": {
          "start": {
            "line": 121,
            "column": 10
          },
          "end": {
            "line": 121,
            "column": 50
          }
        },
        "67": {
          "start": {
            "line": 121,
            "column": 21
          },
          "end": {
            "line": 121,
            "column": 40
          }
        },
        "68": {
          "start": {
            "line": 121,
            "column": 41
          },
          "end": {
            "line": 121,
            "column": 48
          }
        },
        "69": {
          "start": {
            "line": 124,
            "column": 4
          },
          "end": {
            "line": 124,
            "column": 62
          }
        },
        "70": {
          "start": {
            "line": 124,
            "column": 47
          },
          "end": {
            "line": 124,
            "column": 62
          }
        },
        "71": {
          "start": {
            "line": 126,
            "column": 23
          },
          "end": {
            "line": 126,
            "column": 182
          }
        },
        "72": {
          "start": {
            "line": 128,
            "column": 4
          },
          "end": {
            "line": 128,
            "column": 92
          }
        },
        "73": {
          "start": {
            "line": 129,
            "column": 4
          },
          "end": {
            "line": 129,
            "column": 278
          }
        },
        "74": {
          "start": {
            "line": 129,
            "column": 35
          },
          "end": {
            "line": 129,
            "column": 278
          }
        },
        "75": {
          "start": {
            "line": 130,
            "column": 4
          },
          "end": {
            "line": 130,
            "column": 54
          }
        },
        "76": {
          "start": {
            "line": 134,
            "column": 28
          },
          "end": {
            "line": 169,
            "column": 1
          }
        },
        "77": {
          "start": {
            "line": 136,
            "column": 4
          },
          "end": {
            "line": 160,
            "column": 83
          }
        },
        "78": {
          "start": {
            "line": 163,
            "column": 23
          },
          "end": {
            "line": 163,
            "column": 85
          }
        },
        "79": {
          "start": {
            "line": 165,
            "column": 4
          },
          "end": {
            "line": 165,
            "column": 92
          }
        },
        "80": {
          "start": {
            "line": 166,
            "column": 4
          },
          "end": {
            "line": 166,
            "column": 278
          }
        },
        "81": {
          "start": {
            "line": 166,
            "column": 35
          },
          "end": {
            "line": 166,
            "column": 278
          }
        },
        "82": {
          "start": {
            "line": 167,
            "column": 4
          },
          "end": {
            "line": 167,
            "column": 54
          }
        },
        "83": {
          "start": {
            "line": 171,
            "column": 21
          },
          "end": {
            "line": 185,
            "column": 1
          }
        },
        "84": {
          "start": {
            "line": 173,
            "column": 4
          },
          "end": {
            "line": 173,
            "column": 16
          }
        },
        "85": {
          "start": {
            "line": 176,
            "column": 4
          },
          "end": {
            "line": 176,
            "column": 51
          }
        },
        "86": {
          "start": {
            "line": 177,
            "column": 4
          },
          "end": {
            "line": 177,
            "column": 47
          }
        },
        "87": {
          "start": {
            "line": 179,
            "column": 21
          },
          "end": {
            "line": 179,
            "column": 73
          }
        },
        "88": {
          "start": {
            "line": 181,
            "column": 4
          },
          "end": {
            "line": 181,
            "column": 92
          }
        },
        "89": {
          "start": {
            "line": 182,
            "column": 4
          },
          "end": {
            "line": 182,
            "column": 278
          }
        },
        "90": {
          "start": {
            "line": 182,
            "column": 35
          },
          "end": {
            "line": 182,
            "column": 278
          }
        },
        "91": {
          "start": {
            "line": 183,
            "column": 4
          },
          "end": {
            "line": 183,
            "column": 54
          }
        },
        "92": {
          "start": {
            "line": 188,
            "column": 2
          },
          "end": {
            "line": 191,
            "column": 25
          }
        },
        "93": {
          "start": {
            "line": 189,
            "column": 4
          },
          "end": {
            "line": 189,
            "column": 131
          }
        },
        "94": {
          "start": {
            "line": 191,
            "column": 7
          },
          "end": {
            "line": 191,
            "column": 25
          }
        },
        "95": {
          "start": {
            "line": 195,
            "column": 2
          },
          "end": {
            "line": 195,
            "column": 43
          }
        },
        "96": {
          "start": {
            "line": 196,
            "column": 2
          },
          "end": {
            "line": 196,
            "column": 25
          }
        },
        "97": {
          "start": {
            "line": 197,
            "column": 2
          },
          "end": {
            "line": 197,
            "column": 23
          }
        },
        "98": {
          "start": {
            "line": 198,
            "column": 2
          },
          "end": {
            "line": 198,
            "column": 41
          }
        },
        "99": {
          "start": {
            "line": 199,
            "column": 2
          },
          "end": {
            "line": 199,
            "column": 41
          }
        },
        "100": {
          "start": {
            "line": 200,
            "column": 2
          },
          "end": {
            "line": 200,
            "column": 40
          }
        },
        "101": {
          "start": {
            "line": 201,
            "column": 2
          },
          "end": {
            "line": 201,
            "column": 40
          }
        },
        "102": {
          "start": {
            "line": 202,
            "column": 2
          },
          "end": {
            "line": 202,
            "column": 54
          }
        },
        "103": {
          "start": {
            "line": 202,
            "column": 28
          },
          "end": {
            "line": 202,
            "column": 54
          }
        },
        "104": {
          "start": {
            "line": 206,
            "column": 2
          },
          "end": {
            "line": 216,
            "column": 3
          }
        },
        "105": {
          "start": {
            "line": 207,
            "column": 4
          },
          "end": {
            "line": 207,
            "column": 129
          }
        },
        "106": {
          "start": {
            "line": 208,
            "column": 4
          },
          "end": {
            "line": 208,
            "column": 30
          }
        },
        "107": {
          "start": {
            "line": 210,
            "column": 19
          },
          "end": {
            "line": 210,
            "column": 99
          }
        },
        "108": {
          "start": {
            "line": 211,
            "column": 4
          },
          "end": {
            "line": 215,
            "column": 9
          }
        },
        "109": {
          "start": {
            "line": 214,
            "column": 10
          },
          "end": {
            "line": 214,
            "column": 50
          }
        },
        "110": {
          "start": {
            "line": 214,
            "column": 21
          },
          "end": {
            "line": 214,
            "column": 40
          }
        },
        "111": {
          "start": {
            "line": 214,
            "column": 41
          },
          "end": {
            "line": 214,
            "column": 48
          }
        },
        "112": {
          "start": {
            "line": 220,
            "column": 2
          },
          "end": {
            "line": 220,
            "column": 139
          }
        },
        "113": {
          "start": {
            "line": 221,
            "column": 2
          },
          "end": {
            "line": 221,
            "column": 32
          }
        },
        "114": {
          "start": {
            "line": 223,
            "column": 17
          },
          "end": {
            "line": 223,
            "column": 97
          }
        },
        "115": {
          "start": {
            "line": 224,
            "column": 2
          },
          "end": {
            "line": 228,
            "column": 7
          }
        },
        "116": {
          "start": {
            "line": 227,
            "column": 8
          },
          "end": {
            "line": 227,
            "column": 48
          }
        },
        "117": {
          "start": {
            "line": 227,
            "column": 19
          },
          "end": {
            "line": 227,
            "column": 38
          }
        },
        "118": {
          "start": {
            "line": 227,
            "column": 39
          },
          "end": {
            "line": 227,
            "column": 46
          }
        },
        "119": {
          "start": {
            "line": 233,
            "column": 2
          },
          "end": {
            "line": 233,
            "column": 47
          }
        },
        "120": {
          "start": {
            "line": 234,
            "column": 28
          },
          "end": {
            "line": 234,
            "column": 81
          }
        },
        "121": {
          "start": {
            "line": 236,
            "column": 2
          },
          "end": {
            "line": 237,
            "column": 40
          }
        },
        "122": {
          "start": {
            "line": 236,
            "column": 57
          },
          "end": {
            "line": 236,
            "column": 92
          }
        },
        "123": {
          "start": {
            "line": 237,
            "column": 7
          },
          "end": {
            "line": 237,
            "column": 40
          }
        },
        "124": {
          "start": {
            "line": 240,
            "column": 2
          },
          "end": {
            "line": 240,
            "column": 121
          }
        },
        "125": {
          "start": {
            "line": 240,
            "column": 43
          },
          "end": {
            "line": 240,
            "column": 121
          }
        },
        "126": {
          "start": {
            "line": 243,
            "column": 2
          },
          "end": {
            "line": 243,
            "column": 121
          }
        },
        "127": {
          "start": {
            "line": 243,
            "column": 44
          },
          "end": {
            "line": 243,
            "column": 121
          }
        },
        "128": {
          "start": {
            "line": 246,
            "column": 2
          },
          "end": {
            "line": 246,
            "column": 120
          }
        },
        "129": {
          "start": {
            "line": 246,
            "column": 44
          },
          "end": {
            "line": 246,
            "column": 120
          }
        },
        "130": {
          "start": {
            "line": 249,
            "column": 2
          },
          "end": {
            "line": 249,
            "column": 123
          }
        },
        "131": {
          "start": {
            "line": 249,
            "column": 44
          },
          "end": {
            "line": 249,
            "column": 123
          }
        },
        "132": {
          "start": {
            "line": 252,
            "column": 2
          },
          "end": {
            "line": 252,
            "column": 130
          }
        },
        "133": {
          "start": {
            "line": 252,
            "column": 45
          },
          "end": {
            "line": 252,
            "column": 130
          }
        },
        "134": {
          "start": {
            "line": 255,
            "column": 2
          },
          "end": {
            "line": 255,
            "column": 103
          }
        },
        "135": {
          "start": {
            "line": 255,
            "column": 36
          },
          "end": {
            "line": 255,
            "column": 103
          }
        },
        "136": {
          "start": {
            "line": 258,
            "column": 2
          },
          "end": {
            "line": 258,
            "column": 103
          }
        },
        "137": {
          "start": {
            "line": 258,
            "column": 36
          },
          "end": {
            "line": 258,
            "column": 103
          }
        },
        "138": {
          "start": {
            "line": 261,
            "column": 2
          },
          "end": {
            "line": 261,
            "column": 104
          }
        },
        "139": {
          "start": {
            "line": 261,
            "column": 37
          },
          "end": {
            "line": 261,
            "column": 104
          }
        },
        "140": {
          "start": {
            "line": 264,
            "column": 2
          },
          "end": {
            "line": 264,
            "column": 111
          }
        },
        "141": {
          "start": {
            "line": 264,
            "column": 37
          },
          "end": {
            "line": 264,
            "column": 111
          }
        },
        "142": {
          "start": {
            "line": 267,
            "column": 2
          },
          "end": {
            "line": 267,
            "column": 107
          }
        },
        "143": {
          "start": {
            "line": 267,
            "column": 37
          },
          "end": {
            "line": 267,
            "column": 107
          }
        },
        "144": {
          "start": {
            "line": 270,
            "column": 2
          },
          "end": {
            "line": 270,
            "column": 129
          }
        },
        "145": {
          "start": {
            "line": 270,
            "column": 38
          },
          "end": {
            "line": 270,
            "column": 129
          }
        },
        "146": {
          "start": {
            "line": 277,
            "column": 2
          },
          "end": {
            "line": 277,
            "column": 47
          }
        },
        "147": {
          "start": {
            "line": 280,
            "column": 2
          },
          "end": {
            "line": 280,
            "column": 123
          }
        },
        "148": {
          "start": {
            "line": 280,
            "column": 40
          },
          "end": {
            "line": 280,
            "column": 123
          }
        },
        "149": {
          "start": {
            "line": 283,
            "column": 2
          },
          "end": {
            "line": 283,
            "column": 124
          }
        },
        "150": {
          "start": {
            "line": 283,
            "column": 41
          },
          "end": {
            "line": 283,
            "column": 124
          }
        },
        "151": {
          "start": {
            "line": 286,
            "column": 2
          },
          "end": {
            "line": 286,
            "column": 131
          }
        },
        "152": {
          "start": {
            "line": 286,
            "column": 41
          },
          "end": {
            "line": 286,
            "column": 131
          }
        },
        "153": {
          "start": {
            "line": 289,
            "column": 2
          },
          "end": {
            "line": 289,
            "column": 127
          }
        },
        "154": {
          "start": {
            "line": 289,
            "column": 41
          },
          "end": {
            "line": 289,
            "column": 127
          }
        },
        "155": {
          "start": {
            "line": 292,
            "column": 2
          },
          "end": {
            "line": 292,
            "column": 132
          }
        },
        "156": {
          "start": {
            "line": 292,
            "column": 42
          },
          "end": {
            "line": 292,
            "column": 132
          }
        },
        "157": {
          "start": {
            "line": 295,
            "column": 2
          },
          "end": {
            "line": 295,
            "column": 133
          }
        },
        "158": {
          "start": {
            "line": 295,
            "column": 42
          },
          "end": {
            "line": 295,
            "column": 133
          }
        },
        "159": {
          "start": {
            "line": 298,
            "column": 2
          },
          "end": {
            "line": 298,
            "column": 153
          }
        },
        "160": {
          "start": {
            "line": 298,
            "column": 43
          },
          "end": {
            "line": 298,
            "column": 153
          }
        },
        "161": {
          "start": {
            "line": 301,
            "column": 2
          },
          "end": {
            "line": 301,
            "column": 257
          }
        },
        "162": {
          "start": {
            "line": 301,
            "column": 126
          },
          "end": {
            "line": 301,
            "column": 257
          }
        },
        "163": {
          "start": {
            "line": 310,
            "column": 2
          },
          "end": {
            "line": 310,
            "column": 124
          }
        },
        "164": {
          "start": {
            "line": 310,
            "column": 67
          },
          "end": {
            "line": 310,
            "column": 124
          }
        },
        "165": {
          "start": {
            "line": 312,
            "column": 2
          },
          "end": {
            "line": 312,
            "column": 123
          }
        },
        "166": {
          "start": {
            "line": 312,
            "column": 67
          },
          "end": {
            "line": 312,
            "column": 123
          }
        },
        "167": {
          "start": {
            "line": 314,
            "column": 2
          },
          "end": {
            "line": 314,
            "column": 124
          }
        },
        "168": {
          "start": {
            "line": 314,
            "column": 67
          },
          "end": {
            "line": 314,
            "column": 124
          }
        },
        "169": {
          "start": {
            "line": 316,
            "column": 2
          },
          "end": {
            "line": 316,
            "column": 123
          }
        },
        "170": {
          "start": {
            "line": 316,
            "column": 67
          },
          "end": {
            "line": 316,
            "column": 123
          }
        },
        "171": {
          "start": {
            "line": 318,
            "column": 2
          },
          "end": {
            "line": 318,
            "column": 124
          }
        },
        "172": {
          "start": {
            "line": 318,
            "column": 67
          },
          "end": {
            "line": 318,
            "column": 124
          }
        },
        "173": {
          "start": {
            "line": 320,
            "column": 2
          },
          "end": {
            "line": 320,
            "column": 125
          }
        },
        "174": {
          "start": {
            "line": 320,
            "column": 67
          },
          "end": {
            "line": 320,
            "column": 125
          }
        },
        "175": {
          "start": {
            "line": 322,
            "column": 2
          },
          "end": {
            "line": 322,
            "column": 127
          }
        },
        "176": {
          "start": {
            "line": 322,
            "column": 67
          },
          "end": {
            "line": 322,
            "column": 127
          }
        },
        "177": {
          "start": {
            "line": 324,
            "column": 2
          },
          "end": {
            "line": 324,
            "column": 124
          }
        },
        "178": {
          "start": {
            "line": 324,
            "column": 67
          },
          "end": {
            "line": 324,
            "column": 124
          }
        },
        "179": {
          "start": {
            "line": 326,
            "column": 2
          },
          "end": {
            "line": 326,
            "column": 126
          }
        },
        "180": {
          "start": {
            "line": 326,
            "column": 67
          },
          "end": {
            "line": 326,
            "column": 126
          }
        },
        "181": {
          "start": {
            "line": 328,
            "column": 2
          },
          "end": {
            "line": 328,
            "column": 123
          }
        },
        "182": {
          "start": {
            "line": 328,
            "column": 67
          },
          "end": {
            "line": 328,
            "column": 123
          }
        },
        "183": {
          "start": {
            "line": 330,
            "column": 2
          },
          "end": {
            "line": 330,
            "column": 135
          }
        },
        "184": {
          "start": {
            "line": 330,
            "column": 67
          },
          "end": {
            "line": 330,
            "column": 135
          }
        },
        "185": {
          "start": {
            "line": 332,
            "column": 2
          },
          "end": {
            "line": 332,
            "column": 122
          }
        },
        "186": {
          "start": {
            "line": 332,
            "column": 67
          },
          "end": {
            "line": 332,
            "column": 122
          }
        },
        "187": {
          "start": {
            "line": 334,
            "column": 2
          },
          "end": {
            "line": 334,
            "column": 134
          }
        },
        "188": {
          "start": {
            "line": 334,
            "column": 67
          },
          "end": {
            "line": 334,
            "column": 134
          }
        },
        "189": {
          "start": {
            "line": 336,
            "column": 2
          },
          "end": {
            "line": 336,
            "column": 122
          }
        },
        "190": {
          "start": {
            "line": 336,
            "column": 67
          },
          "end": {
            "line": 336,
            "column": 122
          }
        },
        "191": {
          "start": {
            "line": 338,
            "column": 2
          },
          "end": {
            "line": 338,
            "column": 123
          }
        },
        "192": {
          "start": {
            "line": 338,
            "column": 67
          },
          "end": {
            "line": 338,
            "column": 123
          }
        },
        "193": {
          "start": {
            "line": 340,
            "column": 2
          },
          "end": {
            "line": 340,
            "column": 123
          }
        },
        "194": {
          "start": {
            "line": 340,
            "column": 67
          },
          "end": {
            "line": 340,
            "column": 123
          }
        },
        "195": {
          "start": {
            "line": 342,
            "column": 2
          },
          "end": {
            "line": 342,
            "column": 122
          }
        },
        "196": {
          "start": {
            "line": 342,
            "column": 67
          },
          "end": {
            "line": 342,
            "column": 122
          }
        },
        "197": {
          "start": {
            "line": 344,
            "column": 2
          },
          "end": {
            "line": 344,
            "column": 122
          }
        },
        "198": {
          "start": {
            "line": 344,
            "column": 67
          },
          "end": {
            "line": 344,
            "column": 122
          }
        },
        "199": {
          "start": {
            "line": 346,
            "column": 2
          },
          "end": {
            "line": 346,
            "column": 123
          }
        },
        "200": {
          "start": {
            "line": 346,
            "column": 67
          },
          "end": {
            "line": 346,
            "column": 123
          }
        },
        "201": {
          "start": {
            "line": 350,
            "column": 2
          },
          "end": {
            "line": 350,
            "column": 46
          }
        },
        "202": {
          "start": {
            "line": 352,
            "column": 2
          },
          "end": {
            "line": 354,
            "column": 66
          }
        },
        "203": {
          "start": {
            "line": 352,
            "column": 45
          },
          "end": {
            "line": 352,
            "column": 131
          }
        },
        "204": {
          "start": {
            "line": 353,
            "column": 7
          },
          "end": {
            "line": 354,
            "column": 66
          }
        },
        "205": {
          "start": {
            "line": 353,
            "column": 107
          },
          "end": {
            "line": 353,
            "column": 194
          }
        },
        "206": {
          "start": {
            "line": 354,
            "column": 7
          },
          "end": {
            "line": 354,
            "column": 66
          }
        },
        "207": {
          "start": {
            "line": 356,
            "column": 2
          },
          "end": {
            "line": 356,
            "column": 29
          }
        },
        "208": {
          "start": {
            "line": 359,
            "column": 2
          },
          "end": {
            "line": 359,
            "column": 138
          }
        },
        "209": {
          "start": {
            "line": 359,
            "column": 71
          },
          "end": {
            "line": 359,
            "column": 138
          }
        },
        "210": {
          "start": {
            "line": 362,
            "column": 2
          },
          "end": {
            "line": 362,
            "column": 137
          }
        },
        "211": {
          "start": {
            "line": 362,
            "column": 71
          },
          "end": {
            "line": 362,
            "column": 137
          }
        },
        "212": {
          "start": {
            "line": 365,
            "column": 2
          },
          "end": {
            "line": 365,
            "column": 138
          }
        },
        "213": {
          "start": {
            "line": 365,
            "column": 71
          },
          "end": {
            "line": 365,
            "column": 138
          }
        },
        "214": {
          "start": {
            "line": 368,
            "column": 2
          },
          "end": {
            "line": 368,
            "column": 137
          }
        },
        "215": {
          "start": {
            "line": 368,
            "column": 71
          },
          "end": {
            "line": 368,
            "column": 137
          }
        },
        "216": {
          "start": {
            "line": 371,
            "column": 2
          },
          "end": {
            "line": 371,
            "column": 138
          }
        },
        "217": {
          "start": {
            "line": 371,
            "column": 72
          },
          "end": {
            "line": 371,
            "column": 138
          }
        },
        "218": {
          "start": {
            "line": 374,
            "column": 2
          },
          "end": {
            "line": 374,
            "column": 145
          }
        },
        "219": {
          "start": {
            "line": 374,
            "column": 75
          },
          "end": {
            "line": 374,
            "column": 145
          }
        },
        "220": {
          "start": {
            "line": 377,
            "column": 2
          },
          "end": {
            "line": 377,
            "column": 135
          }
        },
        "221": {
          "start": {
            "line": 377,
            "column": 71
          },
          "end": {
            "line": 377,
            "column": 135
          }
        },
        "222": {
          "start": {
            "line": 383,
            "column": 2
          },
          "end": {
            "line": 383,
            "column": 42
          }
        },
        "223": {
          "start": {
            "line": 385,
            "column": 17
          },
          "end": {
            "line": 385,
            "column": 97
          }
        },
        "224": {
          "start": {
            "line": 386,
            "column": 2
          },
          "end": {
            "line": 390,
            "column": 7
          }
        },
        "225": {
          "start": {
            "line": 389,
            "column": 8
          },
          "end": {
            "line": 389,
            "column": 48
          }
        },
        "226": {
          "start": {
            "line": 389,
            "column": 19
          },
          "end": {
            "line": 389,
            "column": 38
          }
        },
        "227": {
          "start": {
            "line": 389,
            "column": 39
          },
          "end": {
            "line": 389,
            "column": 46
          }
        },
        "228": {
          "start": {
            "line": 395,
            "column": 2
          },
          "end": {
            "line": 440,
            "column": 3
          }
        },
        "229": {
          "start": {
            "line": 396,
            "column": 4
          },
          "end": {
            "line": 427,
            "column": 132
          }
        },
        "230": {
          "start": {
            "line": 397,
            "column": 9
          },
          "end": {
            "line": 427,
            "column": 132
          }
        },
        "231": {
          "start": {
            "line": 397,
            "column": 89
          },
          "end": {
            "line": 397,
            "column": 132
          }
        },
        "232": {
          "start": {
            "line": 398,
            "column": 9
          },
          "end": {
            "line": 427,
            "column": 132
          }
        },
        "233": {
          "start": {
            "line": 398,
            "column": 91
          },
          "end": {
            "line": 398,
            "column": 156
          }
        },
        "234": {
          "start": {
            "line": 399,
            "column": 9
          },
          "end": {
            "line": 427,
            "column": 132
          }
        },
        "235": {
          "start": {
            "line": 399,
            "column": 87
          },
          "end": {
            "line": 399,
            "column": 128
          }
        },
        "236": {
          "start": {
            "line": 400,
            "column": 9
          },
          "end": {
            "line": 427,
            "column": 132
          }
        },
        "237": {
          "start": {
            "line": 400,
            "column": 90
          },
          "end": {
            "line": 400,
            "column": 135
          }
        },
        "238": {
          "start": {
            "line": 401,
            "column": 9
          },
          "end": {
            "line": 427,
            "column": 132
          }
        },
        "239": {
          "start": {
            "line": 401,
            "column": 89
          },
          "end": {
            "line": 401,
            "column": 134
          }
        },
        "240": {
          "start": {
            "line": 402,
            "column": 9
          },
          "end": {
            "line": 427,
            "column": 132
          }
        },
        "241": {
          "start": {
            "line": 402,
            "column": 87
          },
          "end": {
            "line": 402,
            "column": 129
          }
        },
        "242": {
          "start": {
            "line": 403,
            "column": 9
          },
          "end": {
            "line": 427,
            "column": 132
          }
        },
        "243": {
          "start": {
            "line": 403,
            "column": 95
          },
          "end": {
            "line": 403,
            "column": 146
          }
        },
        "244": {
          "start": {
            "line": 404,
            "column": 9
          },
          "end": {
            "line": 427,
            "column": 132
          }
        },
        "245": {
          "start": {
            "line": 404,
            "column": 99
          },
          "end": {
            "line": 404,
            "column": 149
          }
        },
        "246": {
          "start": {
            "line": 405,
            "column": 9
          },
          "end": {
            "line": 427,
            "column": 132
          }
        },
        "247": {
          "start": {
            "line": 405,
            "column": 87
          },
          "end": {
            "line": 405,
            "column": 129
          }
        },
        "248": {
          "start": {
            "line": 406,
            "column": 9
          },
          "end": {
            "line": 427,
            "column": 132
          }
        },
        "249": {
          "start": {
            "line": 406,
            "column": 85
          },
          "end": {
            "line": 406,
            "column": 125
          }
        },
        "250": {
          "start": {
            "line": 407,
            "column": 9
          },
          "end": {
            "line": 427,
            "column": 132
          }
        },
        "251": {
          "start": {
            "line": 407,
            "column": 91
          },
          "end": {
            "line": 407,
            "column": 138
          }
        },
        "252": {
          "start": {
            "line": 408,
            "column": 9
          },
          "end": {
            "line": 427,
            "column": 132
          }
        },
        "253": {
          "start": {
            "line": 408,
            "column": 89
          },
          "end": {
            "line": 408,
            "column": 134
          }
        },
        "254": {
          "start": {
            "line": 409,
            "column": 9
          },
          "end": {
            "line": 427,
            "column": 132
          }
        },
        "255": {
          "start": {
            "line": 409,
            "column": 88
          },
          "end": {
            "line": 409,
            "column": 131
          }
        },
        "256": {
          "start": {
            "line": 410,
            "column": 9
          },
          "end": {
            "line": 427,
            "column": 132
          }
        },
        "257": {
          "start": {
            "line": 410,
            "column": 91
          },
          "end": {
            "line": 410,
            "column": 137
          }
        },
        "258": {
          "start": {
            "line": 411,
            "column": 9
          },
          "end": {
            "line": 427,
            "column": 132
          }
        },
        "259": {
          "start": {
            "line": 411,
            "column": 89
          },
          "end": {
            "line": 411,
            "column": 133
          }
        },
        "260": {
          "start": {
            "line": 412,
            "column": 9
          },
          "end": {
            "line": 427,
            "column": 132
          }
        },
        "261": {
          "start": {
            "line": 412,
            "column": 89
          },
          "end": {
            "line": 412,
            "column": 133
          }
        },
        "262": {
          "start": {
            "line": 413,
            "column": 9
          },
          "end": {
            "line": 427,
            "column": 132
          }
        },
        "263": {
          "start": {
            "line": 413,
            "column": 93
          },
          "end": {
            "line": 413,
            "column": 142
          }
        },
        "264": {
          "start": {
            "line": 414,
            "column": 9
          },
          "end": {
            "line": 427,
            "column": 132
          }
        },
        "265": {
          "start": {
            "line": 414,
            "column": 93
          },
          "end": {
            "line": 414,
            "column": 142
          }
        },
        "266": {
          "start": {
            "line": 415,
            "column": 9
          },
          "end": {
            "line": 427,
            "column": 132
          }
        },
        "267": {
          "start": {
            "line": 415,
            "column": 94
          },
          "end": {
            "line": 415,
            "column": 144
          }
        },
        "268": {
          "start": {
            "line": 416,
            "column": 9
          },
          "end": {
            "line": 427,
            "column": 132
          }
        },
        "269": {
          "start": {
            "line": 416,
            "column": 91
          },
          "end": {
            "line": 416,
            "column": 138
          }
        },
        "270": {
          "start": {
            "line": 417,
            "column": 9
          },
          "end": {
            "line": 427,
            "column": 132
          }
        },
        "271": {
          "start": {
            "line": 417,
            "column": 89
          },
          "end": {
            "line": 417,
            "column": 133
          }
        },
        "272": {
          "start": {
            "line": 418,
            "column": 9
          },
          "end": {
            "line": 427,
            "column": 132
          }
        },
        "273": {
          "start": {
            "line": 418,
            "column": 93
          },
          "end": {
            "line": 418,
            "column": 142
          }
        },
        "274": {
          "start": {
            "line": 419,
            "column": 9
          },
          "end": {
            "line": 427,
            "column": 132
          }
        },
        "275": {
          "start": {
            "line": 419,
            "column": 92
          },
          "end": {
            "line": 419,
            "column": 140
          }
        },
        "276": {
          "start": {
            "line": 420,
            "column": 9
          },
          "end": {
            "line": 427,
            "column": 132
          }
        },
        "277": {
          "start": {
            "line": 420,
            "column": 92
          },
          "end": {
            "line": 420,
            "column": 140
          }
        },
        "278": {
          "start": {
            "line": 421,
            "column": 9
          },
          "end": {
            "line": 427,
            "column": 132
          }
        },
        "279": {
          "start": {
            "line": 421,
            "column": 87
          },
          "end": {
            "line": 421,
            "column": 129
          }
        },
        "280": {
          "start": {
            "line": 422,
            "column": 9
          },
          "end": {
            "line": 427,
            "column": 132
          }
        },
        "281": {
          "start": {
            "line": 422,
            "column": 86
          },
          "end": {
            "line": 422,
            "column": 127
          }
        },
        "282": {
          "start": {
            "line": 424,
            "column": 9
          },
          "end": {
            "line": 427,
            "column": 132
          }
        },
        "283": {
          "start": {
            "line": 424,
            "column": 80
          },
          "end": {
            "line": 424,
            "column": 132
          }
        },
        "284": {
          "start": {
            "line": 427,
            "column": 9
          },
          "end": {
            "line": 427,
            "column": 132
          }
        },
        "285": {
          "start": {
            "line": 427,
            "column": 80
          },
          "end": {
            "line": 427,
            "column": 132
          }
        },
        "286": {
          "start": {
            "line": 445,
            "column": 2
          },
          "end": {
            "line": 462,
            "column": 119
          }
        },
        "287": {
          "start": {
            "line": 446,
            "column": 4
          },
          "end": {
            "line": 446,
            "column": 104
          }
        },
        "288": {
          "start": {
            "line": 447,
            "column": 4
          },
          "end": {
            "line": 447,
            "column": 88
          }
        },
        "289": {
          "start": {
            "line": 448,
            "column": 4
          },
          "end": {
            "line": 448,
            "column": 45
          }
        },
        "290": {
          "start": {
            "line": 449,
            "column": 4
          },
          "end": {
            "line": 449,
            "column": 23
          }
        },
        "291": {
          "start": {
            "line": 451,
            "column": 20
          },
          "end": {
            "line": 451,
            "column": 47
          }
        },
        "292": {
          "start": {
            "line": 452,
            "column": 4
          },
          "end": {
            "line": 452,
            "column": 39
          }
        },
        "293": {
          "start": {
            "line": 453,
            "column": 4
          },
          "end": {
            "line": 453,
            "column": 23
          }
        },
        "294": {
          "start": {
            "line": 454,
            "column": 19
          },
          "end": {
            "line": 454,
            "column": 99
          }
        },
        "295": {
          "start": {
            "line": 455,
            "column": 4
          },
          "end": {
            "line": 460,
            "column": 9
          }
        },
        "296": {
          "start": {
            "line": 459,
            "column": 10
          },
          "end": {
            "line": 459,
            "column": 50
          }
        },
        "297": {
          "start": {
            "line": 459,
            "column": 21
          },
          "end": {
            "line": 459,
            "column": 40
          }
        },
        "298": {
          "start": {
            "line": 459,
            "column": 41
          },
          "end": {
            "line": 459,
            "column": 48
          }
        },
        "299": {
          "start": {
            "line": 462,
            "column": 7
          },
          "end": {
            "line": 462,
            "column": 119
          }
        },
        "300": {
          "start": {
            "line": 466,
            "column": 18
          },
          "end": {
            "line": 466,
            "column": 23
          }
        },
        "301": {
          "start": {
            "line": 467,
            "column": 2
          },
          "end": {
            "line": 468,
            "column": 49
          }
        },
        "302": {
          "start": {
            "line": 467,
            "column": 26
          },
          "end": {
            "line": 467,
            "column": 44
          }
        },
        "303": {
          "start": {
            "line": 468,
            "column": 7
          },
          "end": {
            "line": 468,
            "column": 49
          }
        },
        "304": {
          "start": {
            "line": 468,
            "column": 32
          },
          "end": {
            "line": 468,
            "column": 49
          }
        },
        "305": {
          "start": {
            "line": 469,
            "column": 2
          },
          "end": {
            "line": 469,
            "column": 35
          }
        },
        "306": {
          "start": {
            "line": 473,
            "column": 2
          },
          "end": {
            "line": 474,
            "column": 19
          }
        },
        "307": {
          "start": {
            "line": 473,
            "column": 60
          },
          "end": {
            "line": 473,
            "column": 73
          }
        },
        "308": {
          "start": {
            "line": 474,
            "column": 7
          },
          "end": {
            "line": 474,
            "column": 19
          }
        },
        "309": {
          "start": {
            "line": 479,
            "column": 2
          },
          "end": {
            "line": 479,
            "column": 139
          }
        },
        "310": {
          "start": {
            "line": 480,
            "column": 2
          },
          "end": {
            "line": 480,
            "column": 73
          }
        },
        "311": {
          "start": {
            "line": 481,
            "column": 2
          },
          "end": {
            "line": 481,
            "column": 59
          }
        },
        "312": {
          "start": {
            "line": 486,
            "column": 2
          },
          "end": {
            "line": 486,
            "column": 36
          }
        },
        "313": {
          "start": {
            "line": 487,
            "column": 15
          },
          "end": {
            "line": 487,
            "column": 89
          }
        },
        "314": {
          "start": {
            "line": 488,
            "column": 21
          },
          "end": {
            "line": 488,
            "column": 71
          }
        },
        "315": {
          "start": {
            "line": 490,
            "column": 2
          },
          "end": {
            "line": 504,
            "column": 3
          }
        },
        "316": {
          "start": {
            "line": 491,
            "column": 4
          },
          "end": {
            "line": 491,
            "column": 44
          }
        },
        "317": {
          "start": {
            "line": 492,
            "column": 19
          },
          "end": {
            "line": 492,
            "column": 99
          }
        },
        "318": {
          "start": {
            "line": 493,
            "column": 4
          },
          "end": {
            "line": 499,
            "column": 23
          }
        },
        "319": {
          "start": {
            "line": 494,
            "column": 4
          },
          "end": {
            "line": 498,
            "column": 27
          }
        },
        "320": {
          "start": {
            "line": 496,
            "column": 28
          },
          "end": {
            "line": 496,
            "column": 68
          }
        },
        "321": {
          "start": {
            "line": 496,
            "column": 39
          },
          "end": {
            "line": 496,
            "column": 58
          }
        },
        "322": {
          "start": {
            "line": 496,
            "column": 59
          },
          "end": {
            "line": 496,
            "column": 66
          }
        },
        "323": {
          "start": {
            "line": 497,
            "column": 28
          },
          "end": {
            "line": 497,
            "column": 44
          }
        },
        "324": {
          "start": {
            "line": 502,
            "column": 4
          },
          "end": {
            "line": 502,
            "column": 90
          }
        },
        "325": {
          "start": {
            "line": 503,
            "column": 4
          },
          "end": {
            "line": 503,
            "column": 39
          }
        },
        "326": {
          "start": {
            "line": 512,
            "column": 16
          },
          "end": {
            "line": 517,
            "column": 3
          }
        },
        "327": {
          "start": {
            "line": 519,
            "column": 2
          },
          "end": {
            "line": 543,
            "column": 6
          }
        },
        "328": {
          "start": {
            "line": 520,
            "column": 20
          },
          "end": {
            "line": 541,
            "column": 6
          }
        },
        "329": {
          "start": {
            "line": 521,
            "column": 6
          },
          "end": {
            "line": 521,
            "column": 35
          }
        },
        "330": {
          "start": {
            "line": 522,
            "column": 23
          },
          "end": {
            "line": 522,
            "column": 25
          }
        },
        "331": {
          "start": {
            "line": 524,
            "column": 6
          },
          "end": {
            "line": 526,
            "column": 7
          }
        },
        "332": {
          "start": {
            "line": 525,
            "column": 8
          },
          "end": {
            "line": 525,
            "column": 115
          }
        },
        "333": {
          "start": {
            "line": 527,
            "column": 6
          },
          "end": {
            "line": 527,
            "column": 71
          }
        },
        "334": {
          "start": {
            "line": 530,
            "column": 6
          },
          "end": {
            "line": 532,
            "column": 9
          }
        },
        "335": {
          "start": {
            "line": 531,
            "column": 8
          },
          "end": {
            "line": 531,
            "column": 28
          }
        },
        "336": {
          "start": {
            "line": 534,
            "column": 6
          },
          "end": {
            "line": 536,
            "column": 9
          }
        },
        "337": {
          "start": {
            "line": 535,
            "column": 8
          },
          "end": {
            "line": 535,
            "column": 40
          }
        },
        "338": {
          "start": {
            "line": 538,
            "column": 6
          },
          "end": {
            "line": 540,
            "column": 9
          }
        },
        "339": {
          "start": {
            "line": 539,
            "column": 8
          },
          "end": {
            "line": 539,
            "column": 22
          }
        },
        "340": {
          "start": {
            "line": 542,
            "column": 4
          },
          "end": {
            "line": 542,
            "column": 18
          }
        },
        "341": {
          "start": {
            "line": 546,
            "column": 19
          },
          "end": {
            "line": 559,
            "column": 1
          }
        },
        "342": {
          "start": {
            "line": 548,
            "column": 4
          },
          "end": {
            "line": 548,
            "column": 86
          }
        },
        "343": {
          "start": {
            "line": 549,
            "column": 21
          },
          "end": {
            "line": 549,
            "column": 90
          }
        },
        "344": {
          "start": {
            "line": 550,
            "column": 4
          },
          "end": {
            "line": 550,
            "column": 76
          }
        },
        "345": {
          "start": {
            "line": 551,
            "column": 4
          },
          "end": {
            "line": 551,
            "column": 35
          }
        },
        "346": {
          "start": {
            "line": 552,
            "column": 4
          },
          "end": {
            "line": 556,
            "column": 5
          }
        },
        "347": {
          "start": {
            "line": 553,
            "column": 6
          },
          "end": {
            "line": 553,
            "column": 40
          }
        },
        "348": {
          "start": {
            "line": 554,
            "column": 6
          },
          "end": {
            "line": 554,
            "column": 48
          }
        },
        "349": {
          "start": {
            "line": 555,
            "column": 6
          },
          "end": {
            "line": 555,
            "column": 41
          }
        },
        "350": {
          "start": {
            "line": 557,
            "column": 4
          },
          "end": {
            "line": 557,
            "column": 11
          }
        },
        "351": {
          "start": {
            "line": 561,
            "column": 20
          },
          "end": {
            "line": 565,
            "column": 1
          }
        },
        "352": {
          "start": {
            "line": 563,
            "column": 4
          },
          "end": {
            "line": 563,
            "column": 100
          }
        },
        "353": {
          "start": {
            "line": 567,
            "column": 21
          },
          "end": {
            "line": 567,
            "column": 49
          }
        },
        "354": {
          "start": {
            "line": 569,
            "column": 0
          },
          "end": {
            "line": 585,
            "column": 13
          }
        }
      },
      "fnMap": {
        "0": {
          "name": "(anonymous_0)",
          "decl": {
            "start": {
              "line": 18,
              "column": 2
            },
            "end": {
              "line": 18,
              "column": 3
            }
          },
          "loc": {
            "start": {
              "line": 18,
              "column": 26
            },
            "end": {
              "line": 20,
              "column": 3
            }
          },
          "line": 18
        },
        "1": {
          "name": "(anonymous_1)",
          "decl": {
            "start": {
              "line": 21,
              "column": 2
            },
            "end": {
              "line": 21,
              "column": 3
            }
          },
          "loc": {
            "start": {
              "line": 21,
              "column": 23
            },
            "end": {
              "line": 27,
              "column": 3
            }
          },
          "line": 21
        },
        "2": {
          "name": "(anonymous_2)",
          "decl": {
            "start": {
              "line": 31,
              "column": 2
            },
            "end": {
              "line": 31,
              "column": 3
            }
          },
          "loc": {
            "start": {
              "line": 31,
              "column": 26
            },
            "end": {
              "line": 34,
              "column": 3
            }
          },
          "line": 31
        },
        "3": {
          "name": "(anonymous_3)",
          "decl": {
            "start": {
              "line": 35,
              "column": 2
            },
            "end": {
              "line": 35,
              "column": 3
            }
          },
          "loc": {
            "start": {
              "line": 35,
              "column": 23
            },
            "end": {
              "line": 41,
              "column": 3
            }
          },
          "line": 35
        },
        "4": {
          "name": "(anonymous_4)",
          "decl": {
            "start": {
              "line": 45,
              "column": 2
            },
            "end": {
              "line": 45,
              "column": 3
            }
          },
          "loc": {
            "start": {
              "line": 45,
              "column": 26
            },
            "end": {
              "line": 45,
              "column": 175
            }
          },
          "line": 45
        },
        "5": {
          "name": "(anonymous_5)",
          "decl": {
            "start": {
              "line": 46,
              "column": 2
            },
            "end": {
              "line": 46,
              "column": 3
            }
          },
          "loc": {
            "start": {
              "line": 46,
              "column": 23
            },
            "end": {
              "line": 52,
              "column": 3
            }
          },
          "line": 46
        },
        "6": {
          "name": "(anonymous_6)",
          "decl": {
            "start": {
              "line": 56,
              "column": 2
            },
            "end": {
              "line": 56,
              "column": 3
            }
          },
          "loc": {
            "start": {
              "line": 56,
              "column": 26
            },
            "end": {
              "line": 56,
              "column": 168
            }
          },
          "line": 56
        },
        "7": {
          "name": "(anonymous_7)",
          "decl": {
            "start": {
              "line": 57,
              "column": 2
            },
            "end": {
              "line": 57,
              "column": 3
            }
          },
          "loc": {
            "start": {
              "line": 57,
              "column": 23
            },
            "end": {
              "line": 63,
              "column": 3
            }
          },
          "line": 57
        },
        "8": {
[...]
          ],
          "line": 467
        },
        "114": {
          "loc": {
            "start": {
              "line": 468,
              "column": 7
            },
            "end": {
              "line": 468,
              "column": 49
            }
          },
          "type": "if",
          "locations": [
            {
              "start": {
                "line": 468,
                "column": 7
              },
              "end": {
                "line": 468,
                "column": 49
              }
            },
            {
              "start": {
                "line": 468,
                "column": 7
              },
              "end": {
                "line": 468,
                "column": 49
              }
            }
          ],
          "line": 468
        },
        "115": {
          "loc": {
            "start": {
              "line": 473,
              "column": 2
            },
            "end": {
              "line": 474,
              "column": 19
            }
          },
          "type": "if",
          "locations": [
            {
              "start": {
                "line": 473,
                "column": 2
              },
              "end": {
                "line": 474,
                "column": 19
              }
            },
            {
              "start": {
                "line": 473,
                "column": 2
              },
              "end": {
                "line": 474,
                "column": 19
              }
            }
          ],
          "line": 473
        },
        "116": {
          "loc": {
            "start": {
              "line": 490,
              "column": 2
            },
            "end": {
              "line": 504,
              "column": 3
            }
          },
          "type": "if",
          "locations": [
            {
              "start": {
                "line": 490,
                "column": 2
              },
              "end": {
                "line": 504,
                "column": 3
              }
            },
            {
              "start": {
                "line": 490,
                "column": 2
              },
              "end": {
                "line": 504,
                "column": 3
              }
            }
          ],
          "line": 490
        },
        "117": {
          "loc": {
            "start": {
              "line": 496,
              "column": 28
            },
            "end": {
              "line": 496,
              "column": 68
            }
          },
          "type": "if",
          "locations": [
            {
              "start": {
                "line": 496,
                "column": 28
              },
              "end": {
                "line": 496,
                "column": 68
              }
            },
            {
              "start": {
                "line": 496,
                "column": 28
              },
              "end": {
                "line": 496,
                "column": 68
              }
            }
          ],
          "line": 496
        },
        "118": {
          "loc": {
            "start": {
              "line": 507,
              "column": 31
            },
            "end": {
              "line": 507,
              "column": 45
            }
          },
          "type": "default-arg",
          "locations": [
            {
              "start": {
                "line": 507,
                "column": 39
              },
              "end": {
                "line": 507,
                "column": 45
              }
            }
          ],
          "line": 507
        },
        "119": {
          "loc": {
            "start": {
              "line": 524,
              "column": 6
            },
            "end": {
              "line": 526,
              "column": 7
            }
          },
          "type": "if",
          "locations": [
            {
              "start": {
                "line": 524,
                "column": 6
              },
              "end": {
                "line": 526,
                "column": 7
              }
            },
            {
              "start": {
                "line": 524,
                "column": 6
              },
              "end": {
                "line": 526,
                "column": 7
              }
            }
          ],
          "line": 524
        },
        "120": {
          "loc": {
            "start": {
              "line": 524,
              "column": 10
            },
            "end": {
              "line": 524,
              "column": 65
            }
          },
          "type": "binary-expr",
          "locations": [
            {
              "start": {
                "line": 524,
                "column": 10
              },
              "end": {
                "line": 524,
                "column": 35
              }
            },
            {
              "start": {
                "line": 524,
                "column": 39
              },
              "end": {
                "line": 524,
                "column": 65
              }
            }
          ],
          "line": 524
        },
        "121": {
          "loc": {
            "start": {
              "line": 552,
              "column": 4
            },
            "end": {
              "line": 556,
              "column": 5
            }
          },
          "type": "if",
          "locations": [
            {
              "start": {
                "line": 552,
                "column": 4
              },
              "end": {
                "line": 556,
                "column": 5
              }
            },
            {
              "start": {
                "line": 552,
                "column": 4
              },
              "end": {
                "line": 556,
                "column": 5
              }
            }
          ],
          "line": 552
        }
      },
      "s": {
        "0": 1,
        "1": 1,
        "2": 1,
        "3": 1,
        "4": 1,
        "5": 1,
        "6": 1,
        "7": 1,
        "8": 1,
        "9": 1,
        "10": 0,
        "11": 0,
        "12": 0,
        "13": 0,
        "14": 0,
        "15": 0,
        "16": 1,
        "17": 0,
        "18": 0,
        "19": 0,
        "20": 0,
        "21": 0,
        "22": 0,
        "23": 1,
        "24": 0,
        "25": 0,
        "26": 0,
        "27": 0,
        "28": 0,
        "29": 0,
        "30": 1,
        "31": 0,
        "32": 0,
        "33": 0,
        "34": 0,
        "35": 0,
        "36": 0,
        "37": 1,
        "38": 0,
        "39": 0,
        "40": 0,
        "41": 0,
        "42": 0,
        "43": 0,
        "44": 1,
        "45": 0,
        "46": 0,
        "47": 0,
        "48": 0,
        "49": 0,
        "50": 0,
        "51": 1,
        "52": 0,
        "53": 0,
        "54": 0,
        "55": 1,
        "56": 0,
        "57": 0,
        "58": 0,
        "59": 0,
        "60": 0,
        "61": 0,
        "62": 0,
        "63": 0,
        "64": 0,
        "65": 0,
        "66": 0,
        "67": 0,
        "68": 0,
        "69": 0,
        "70": 0,
        "71": 0,
        "72": 0,
        "73": 0,
        "74": 0,
        "75": 0,
        "76": 1,
        "77": 0,
        "78": 0,
        "79": 0,
        "80": 0,
        "81": 0,
        "82": 0,
        "83": 1,
        "84": 3,
        "85": 3,
        "86": 3,
        "87": 3,
        "88": 3,
        "89": 3,
        "90": 0,
        "91": 3,
        "92": 6,
        "93": 0,
        "94": 6,
        "95": 0,
        "96": 0,
        "97": 0,
        "98": 0,
        "99": 0,
        "100": 0,
        "101": 0,
        "102": 0,
        "103": 0,
        "104": 0,
        "105": 0,
        "106": 0,
        "107": 0,
        "108": 0,
        "109": 0,
        "110": 0,
        "111": 0,
        "112": 0,
        "113": 0,
        "114": 0,
        "115": 0,
        "116": 0,
        "117": 0,
        "118": 0,
        "119": 0,
        "120": 0,
        "121": 0,
        "122": 0,
        "123": 0,
        "124": 0,
        "125": 0,
        "126": 0,
        "127": 0,
        "128": 0,
        "129": 0,
        "130": 0,
        "131": 0,
        "132": 0,
        "133": 0,
        "134": 0,
        "135": 0,
        "136": 0,
        "137": 0,
        "138": 0,
        "139": 0,
        "140": 0,
        "141": 0,
        "142": 0,
        "143": 0,
        "144": 0,
        "145": 0,
        "146": 0,
        "147": 0,
        "148": 0,
        "149": 0,
        "150": 0,
        "151": 0,
        "152": 0,
        "153": 0,
        "154": 0,
        "155": 0,
        "156": 0,
        "157": 0,
        "158": 0,
        "159": 0,
        "160": 0,
        "161": 0,
        "162": 0,
        "163": 0,
        "164": 0,
        "165": 0,
        "166": 0,
        "167": 0,
        "168": 0,
        "169": 0,
        "170": 0,
        "171": 0,
        "172": 0,
        "173": 0,
        "174": 0,
        "175": 0,
        "176": 0,
        "177": 0,
        "178": 0,
        "179": 0,
        "180": 0,
        "181": 0,
        "182": 0,
        "183": 0,
        "184": 0,
        "185": 0,
        "186": 0,
        "187": 0,
        "188": 0,
        "189": 0,
        "190": 0,
        "191": 0,
        "192": 0,
        "193": 0,
        "194": 0,
        "195": 0,
        "196": 0,
        "197": 0,
        "198": 0,
        "199": 0,
        "200": 0,
        "201": 0,
        "202": 0,
        "203": 0,
        "204": 0,
        "205": 0,
        "206": 0,
        "207": 0,
        "208": 0,
        "209": 0,
        "210": 0,
        "211": 0,
        "212": 0,
        "213": 0,
        "214": 0,
        "215": 0,
        "216": 0,
        "217": 0,
        "218": 0,
        "219": 0,
        "220": 0,
        "221": 0,
        "222": 0,
        "223": 0,
        "224": 0,
        "225": 0,
        "226": 0,
        "227": 0,
        "228": 0,
        "229": 0,
        "230": 0,
        "231": 0,
        "232": 0,
        "233": 0,
        "234": 0,
        "235": 0,
        "236": 0,
        "237": 0,
        "238": 0,
        "239": 0,
        "240": 0,
        "241": 0,
        "242": 0,
        "243": 0,
        "244": 0,
        "245": 0,
        "246": 0,
        "247": 0,
        "248": 0,
        "249": 0,
        "250": 0,
        "251": 0,
        "252": 0,
        "253": 0,
        "254": 0,
        "255": 0,
        "256": 0,
        "257": 0,
        "258": 0,
        "259": 0,
        "260": 0,
        "261": 0,
        "262": 0,
        "263": 0,
        "264": 0,
        "265": 0,
        "266": 0,
        "267": 0,
        "268": 0,
        "269": 0,
        "270": 0,
        "271": 0,
        "272": 0,
        "273": 0,
        "274": 0,
        "275": 0,
        "276": 0,
        "277": 0,
        "278": 0,
        "279": 0,
        "280": 0,
        "281": 0,
        "282": 0,
        "283": 0,
        "284": 0,
        "285": 0,
        "286": 0,
        "287": 0,
        "288": 0,
        "289": 0,
        "290": 0,
        "291": 0,
        "292": 0,
        "293": 0,
        "294": 0,
        "295": 0,
        "296": 0,
        "297": 0,
        "298": 0,
        "299": 0,
        "300": 0,
        "301": 0,
        "302": 0,
        "303": 0,
        "304": 0,
        "305": 0,
        "306": 0,
        "307": 0,
        "308": 0,
        "309": 0,
        "310": 0,
        "311": 0,
        "312": 3,
        "313": 3,
        "314": 3,
        "315": 0,
        "316": 0,
        "317": 0,
        "318": 0,
        "319": 0,
        "320": 0,
        "321": 0,
        "322": 0,
        "323": 0,
        "324": 0,
        "325": 0,
        "326": 3,
        "327": 3,
        "328": 3,
        "329": 3,
        "330": 3,
        "331": 3,
        "332": 3,
        "333": 0,
        "334": 0,
        "335": 0,
        "336": 0,
        "337": 0,
        "338": 0,
        "339": 0,
        "340": 3,
        "341": 1,
        "342": 3,
        "343": 3,
        "344": 0,
        "345": 0,
        "346": 0,
        "347": 0,
        "348": 0,
        "349": 0,
        "350": 0,
        "351": 1,
        "352": 0,
        "353": 1,
        "354": 1
      },
      "f": {
        "0": 0,
        "1": 0,
        "2": 0,
        "3": 0,
        "4": 0,
        "5": 0,
        "6": 0,
        "7": 0,
        "8": 0,
        "9": 0,
        "10": 0,
        "11": 0,
        "12": 0,
        "13": 0,
        "14": 0,
        "15": 0,
        "16": 0,
        "17": 0,
        "18": 0,
        "19": 3,
        "20": 3,
        "21": 6,
        "22": 0,
        "23": 0,
        "24": 0,
        "25": 0,
        "26": 0,
        "27": 0,
        "28": 0,
        "29": 0,
        "30": 0,
        "31": 0,
        "32": 0,
        "33": 0,
        "34": 0,
        "35": 0,
        "36": 0,
        "37": 0,
        "38": 3,
        "39": 0,
        "40": 0,
        "41": 3,
        "42": 3,
        "43": 3,
        "44": 0,
        "45": 0,
        "46": 0,
        "47": 3,
        "48": 0
      },
      "b": {
        "0": [
          0,
          0
        ],
        "1": [
          0,
          0
        ],
        "2": [
          0,
          0
        ],
        "3": [
          0,
          0
        ],
        "4": [
          0,
          0
        ],
        "5": [
          0,
          0
        ],
        "6": [
          0,
          0
        ],
        "7": [
          0,
          0
        ],
        "8": [
          0,
          0
        ],
        "9": [
          0,
          0,
          0
        ],
        "10": [
          0,
          0
        ],
        "11": [
          0,
          0
        ],
        "12": [
          0,
          0
        ],
        "13": [
          0,
          0
        ],
        "14": [
          0,
          0
        ],
        "15": [
          0,
          0
        ],
        "16": [
          0,
          0
        ],
        "17": [
          0,
          0,
          0,
          0,
          0,
          0,
          0,
          0,
          0,
          0,
          0,
          0,
          0,
          0,
          0,
          0,
          0,
          0,
          0,
          0,
          0,
          0,
          0,
          0,
          0
        ],
        "18": [
          0,
          0
        ],
        "19": [
          0,
          3
        ],
        "20": [
          0,
          6
        ],
        "21": [
          6,
          0
        ],
        "22": [
          0,
          0
        ],
        "23": [
          0,
          0
        ],
        "24": [
          0,
          0
        ],
        "25": [
          0,
          0
        ],
        "26": [
          0,
          0
        ],
        "27": [
          0,
          0
        ],
        "28": [
          0,
          0
        ],
        "29": [
          0,
          0
        ],
        "30": [
          0,
          0
        ],
        "31": [
          0,
          0
        ],
        "32": [
          0,
          0
        ],
        "33": [
          0,
          0
        ],
        "34": [
          0,
          0
        ],
        "35": [
          0,
          0
        ],
        "36": [
          0,
          0
        ],
        "37": [
          0,
          0
        ],
        "38": [
          0,
          0
        ],
        "39": [
          0,
          0
        ],
        "40": [
          0,
          0
        ],
        "41": [
          0,
          0
        ],
        "42": [
          0,
          0
        ],
        "43": [
          0,
          0
        ],
        "44": [
          0,
          0
        ],
        "45": [
          0,
          0
        ],
        "46": [
          0,
          0
        ],
        "47": [
          0,
          0
        ],
        "48": [
          0,
          0
        ],
        "49": [
          0,
          0
        ],
        "50": [
          0,
          0
        ],
        "51": [
          0,
          0
        ],
        "52": [
          0,
          0
        ],
        "53": [
          0,
          0
        ],
        "54": [
          0,
          0
        ],
        "55": [
          0,
          0
        ],
        "56": [
          0,
          0
        ],
        "57": [
          0,
          0
        ],
        "58": [
          0,
          0
        ],
        "59": [
          0,
          0
        ],
        "60": [
          0,
          0
        ],
        "61": [
          0,
          0
        ],
        "62": [
          0,
          0
        ],
        "63": [
          0,
          0
        ],
        "64": [
          0,
          0
        ],
        "65": [
          0,
          0
        ],
        "66": [
          0,
          0
        ],
        "67": [
          0,
          0
        ],
        "68": [
          0,
          0
        ],
        "69": [
          0,
          0
        ],
        "70": [
          0,
          0
        ],
        "71": [
          0,
          0
        ],
        "72": [
          0,
          0
        ],
        "73": [
          0,
          0
        ],
        "74": [
          0,
          0
        ],
        "75": [
          0,
          0
        ],
        "76": [
          0,
          0
        ],
        "77": [
          0,
          0
        ],
        "78": [
          0,
          0
        ],
        "79": [
          0,
          0
        ],
        "80": [
          0,
          0
        ],
        "81": [
          0,
          0
        ],
        "82": [
          0,
          0
        ],
        "83": [
          0,
          0
        ],
        "84": [
          0,
          0
        ],
        "85": [
          0,
          0
        ],
        "86": [
          0,
          0
        ],
        "87": [
          0,
          0
        ],
        "88": [
          0,
          0
        ],
        "89": [
          0,
          0
        ],
        "90": [
          0,
          0
        ],
        "91": [
          0,
          0
        ],
        "92": [
          0,
          0
        ],
        "93": [
          0,
          0
        ],
        "94": [
          0,
          0
        ],
        "95": [
          0,
          0
        ],
        "96": [
          0,
          0
        ],
        "97": [
          0,
          0
        ],
        "98": [
          0,
          0
        ],
        "99": [
          0,
          0
        ],
        "100": [
          0,
          0
        ],
        "101": [
          0,
          0
        ],
        "102": [
          0,
          0
        ],
        "103": [
          0,
          0
        ],
        "104": [
          0,
          0
        ],
        "105": [
          0,
          0
        ],
        "106": [
          0,
          0
        ],
        "107": [
          0,
          0
        ],
        "108": [
          0,
          0
        ],
        "109": [
          0,
          0
        ],
        "110": [
          0,
          0
        ],
        "111": [
          0,
          0
        ],
        "112": [
          0,
          0
        ],
        "113": [
          0,
          0
        ],
        "114": [
          0,
          0
        ],
        "115": [
          0,
          0
        ],
        "116": [
          0,
          0
        ],
        "117": [
          0,
          0
        ],
        "118": [
          0
        ],
        "119": [
          3,
          0
        ],
        "120": [
          3,
          3
        ],
        "121": [
          0,
          0
        ]
      },
      "_coverageSchema": "43e27e138ebf9cfc5966b082cf9a028302ed4184",
      "hash": "afd8ff6795faaf84326e44158922e7e81a87ea37"
    }
  }
}